2025-04-02 23:14:04.442 [info] [main] Log level: Info
2025-04-02 23:14:04.442 [info] [main] Validating found git in: "git"
2025-04-02 23:14:04.442 [info] [main] Using git "2.49.0" from "git"
2025-04-02 23:14:04.442 [info] [Model][doInitialScan] Initial repository scan started
2025-04-02 23:14:04.442 [info] [Model][doInitialScan] Initial repository scan completed - repositories (0), closed repositories (0), parent repositories (0), unsafe repositories (0)
2025-04-02 23:14:29.680 [info] [main] Log level: Info
2025-04-02 23:14:29.680 [info] [main] Validating found git in: "git"
2025-04-02 23:14:29.680 [info] [main] Using git "2.49.0" from "git"
2025-04-02 23:14:29.680 [info] [Model][doInitialScan] Initial repository scan started
2025-04-02 23:14:29.680 [info] > git rev-parse --show-toplevel [6ms]
2025-04-02 23:14:29.712 [info] > git rev-parse --git-dir --git-common-dir [9ms]
2025-04-02 23:14:29.733 [info] [Model][openRepository] Opened repository: /home/papa/Documents/GitHub/coding-projects
2025-04-02 23:14:29.867 [info] > git config --get commit.template [109ms]
2025-04-02 23:14:29.979 [info] > git for-each-ref --format=%(refname)%00%(upstream:short)%00%(objectname)%00%(upstream:track)%00%(upstream:remotename)%00%(upstream:remoteref) refs/heads/main refs/remotes/main [83ms]
2025-04-02 23:14:30.024 [info] > git rev-parse --show-toplevel [101ms]
2025-04-02 23:14:30.085 [info] > git rev-parse --show-toplevel [10ms]
2025-04-02 23:14:30.114 [info] > git status -z -uall [19ms]
2025-04-02 23:14:30.115 [info] > git for-each-ref --sort -committerdate --format %(refname) %(objectname) %(*objectname) [9ms]
2025-04-02 23:14:30.177 [info] > git for-each-ref --format=%(refname)%00%(upstream:short)%00%(objectname)%00%(upstream:track)%00%(upstream:remotename)%00%(upstream:remoteref) refs/heads/main refs/remotes/main [16ms]
2025-04-02 23:14:30.188 [info] > git rev-parse --show-toplevel [76ms]
2025-04-02 23:14:30.204 [info] > git config --get --local branch.main.vscode-merge-base [14ms]
2025-04-02 23:14:30.230 [info] > git config --get commit.template [53ms]
2025-04-02 23:14:30.256 [info] > git for-each-ref --format=%(refname)%00%(upstream:short)%00%(objectname)%00%(upstream:track)%00%(upstream:remotename)%00%(upstream:remoteref) refs/heads/origin/main refs/remotes/origin/main [27ms]
2025-04-02 23:14:30.271 [info] > git rev-parse --show-toplevel [69ms]
2025-04-02 23:14:30.297 [info] > git merge-base refs/heads/main refs/remotes/origin/main [29ms]
2025-04-02 23:14:30.311 [info] > git rev-parse --show-toplevel [14ms]
2025-04-02 23:14:30.313 [info] > git for-each-ref --format=%(refname)%00%(upstream:short)%00%(objectname)%00%(upstream:track)%00%(upstream:remotename)%00%(upstream:remoteref) refs/heads/main refs/remotes/main [32ms]
2025-04-02 23:14:30.323 [info] > git diff --name-status -z --diff-filter=ADMR e959d7b24666522062f7b019224dbf03da747d3e...refs/remotes/origin/main [14ms]
2025-04-02 23:14:30.328 [info] > git rev-parse --show-toplevel [8ms]
2025-04-02 23:14:30.550 [info] > git status -z -uall [33ms]
2025-04-02 23:14:30.550 [info] > git rev-parse --show-toplevel [206ms]
2025-04-02 23:14:30.792 [info] > git for-each-ref --sort -committerdate --format %(refname) %(objectname) %(*objectname) [255ms]
2025-04-02 23:14:30.813 [info] > git check-ignore -v -z --stdin [245ms]
2025-04-02 23:14:30.818 [info] > git rev-parse --show-toplevel [27ms]
2025-04-02 23:14:30.838 [info] > git rev-parse --show-toplevel [5ms]
2025-04-02 23:14:30.862 [info] > git rev-parse --show-toplevel [6ms]
2025-04-02 23:14:30.863 [info] [Model][doInitialScan] Initial repository scan completed - repositories (1), closed repositories (0), parent repositories (0), unsafe repositories (0)
2025-04-02 23:14:31.199 [info] > git show --textconv :brojs/checked_property/script.js [30ms]
2025-04-02 23:14:31.200 [info] > git ls-files --stage -- brojs/checked_property/script.js [14ms]
2025-04-02 23:14:31.237 [info] > git cat-file -s e69de29bb2d1d6434b8b29ae775ad8c2e48c5391 [26ms]
2025-04-02 23:14:31.920 [info] > git blame --root --incremental e959d7b24666522062f7b019224dbf03da747d3e -- brojs/checked_property/script.js [24ms]
2025-04-02 23:15:13.133 [info] > git show --textconv :brojs/checked_property/index.html [29ms]
2025-04-02 23:15:13.137 [info] > git ls-files --stage -- brojs/checked_property/index.html [11ms]
2025-04-02 23:15:13.159 [info] > git cat-file -s a70859c53de80de1a2165178b86f3b2f36551004 [6ms]
2025-04-02 23:15:13.209 [info] > git blame --root --incremental e959d7b24666522062f7b019224dbf03da747d3e -- brojs/checked_property/index.html [7ms]
2025-04-02 23:15:36.892 [info] > git config --get commit.template [9ms]
2025-04-02 23:15:36.893 [info] > git for-each-ref --format=%(refname)%00%(upstream:short)%00%(objectname)%00%(upstream:track)%00%(upstream:remotename)%00%(upstream:remoteref) refs/heads/main refs/remotes/main [3ms]
2025-04-02 23:15:36.912 [info] > git status -z -uall [10ms]
2025-04-02 23:15:36.913 [info] > git for-each-ref --sort -committerdate --format %(refname) %(objectname) %(*objectname) [4ms]
2025-04-02 23:15:57.596 [info] > git show --textconv :brojs/checked_property/script.js [12ms]
2025-04-02 23:15:57.600 [info] > git ls-files --stage -- brojs/checked_property/script.js [5ms]
2025-04-02 23:15:57.615 [info] > git cat-file -s e69de29bb2d1d6434b8b29ae775ad8c2e48c5391 [4ms]
2025-04-02 23:15:59.748 [info] > git config --get commit.template [9ms]
2025-04-02 23:15:59.749 [info] > git for-each-ref --format=%(refname)%00%(upstream:short)%00%(objectname)%00%(upstream:track)%00%(upstream:remotename)%00%(upstream:remoteref) refs/heads/main refs/remotes/main [3ms]
2025-04-02 23:15:59.766 [info] > git status -z -uall [10ms]
2025-04-02 23:15:59.767 [info] > git for-each-ref --sort -committerdate --format %(refname) %(objectname) %(*objectname) [2ms]
2025-04-02 23:18:34.948 [info] > git config --get commit.template [10ms]
2025-04-02 23:18:34.949 [info] > git for-each-ref --format=%(refname)%00%(upstream:short)%00%(objectname)%00%(upstream:track)%00%(upstream:remotename)%00%(upstream:remoteref) refs/heads/main refs/remotes/main [4ms]
2025-04-02 23:18:34.966 [info] > git status -z -uall [10ms]
2025-04-02 23:18:34.968 [info] > git for-each-ref --sort -committerdate --format %(refname) %(objectname) %(*objectname) [3ms]
2025-04-02 23:19:11.903 [info] > git config --get commit.template [68ms]
2025-04-02 23:19:11.908 [info] > git for-each-ref --format=%(refname)%00%(upstream:short)%00%(objectname)%00%(upstream:track)%00%(upstream:remotename)%00%(upstream:remoteref) refs/heads/main refs/remotes/main [14ms]
2025-04-02 23:19:12.098 [info] > git status -z -uall [107ms]
2025-04-02 23:19:12.107 [info] > git for-each-ref --sort -committerdate --format %(refname) %(objectname) %(*objectname) [10ms]
2025-04-02 23:19:41.156 [info] > git show --textconv :brojs/checked_property/index.html [12ms]
2025-04-02 23:19:41.160 [info] > git ls-files --stage -- brojs/checked_property/index.html [4ms]
2025-04-02 23:19:41.171 [info] > git cat-file -s a70859c53de80de1a2165178b86f3b2f36551004 [5ms]
2025-04-02 23:19:58.111 [info] > git show --textconv :brojs/checked_property/script.js [18ms]
2025-04-02 23:19:58.123 [info] > git ls-files --stage -- brojs/checked_property/script.js [13ms]
2025-04-02 23:19:58.139 [info] > git cat-file -s e69de29bb2d1d6434b8b29ae775ad8c2e48c5391 [4ms]
2025-04-02 23:19:59.013 [info] > git show --textconv :brojs/checked_property/index.html [13ms]
2025-04-02 23:19:59.018 [info] > git ls-files --stage -- brojs/checked_property/index.html [7ms]
2025-04-02 23:19:59.034 [info] > git cat-file -s a70859c53de80de1a2165178b86f3b2f36551004 [7ms]
2025-04-02 23:20:02.004 [info] > git config --get commit.template [2ms]
2025-04-02 23:20:02.038 [info] > git for-each-ref --format=%(refname)%00%(upstream:short)%00%(objectname)%00%(upstream:track)%00%(upstream:remotename)%00%(upstream:remoteref) refs/heads/main refs/remotes/main [22ms]
2025-04-02 23:20:02.053 [info] > git show --textconv :brojs/checked_property/script.js [17ms]
2025-04-02 23:20:02.056 [info] > git ls-files --stage -- brojs/checked_property/script.js [5ms]
2025-04-02 23:20:02.089 [info] > git status -z -uall [13ms]
2025-04-02 23:20:02.089 [info] > git cat-file -s e69de29bb2d1d6434b8b29ae775ad8c2e48c5391 [24ms]
2025-04-02 23:20:02.092 [info] > git for-each-ref --sort -committerdate --format %(refname) %(objectname) %(*objectname) [4ms]
2025-04-02 23:20:04.270 [info] > git show --textconv :brojs/checked_property/index.html [14ms]
2025-04-02 23:20:04.272 [info] > git ls-files --stage -- brojs/checked_property/index.html [3ms]
2025-04-02 23:20:04.286 [info] > git cat-file -s a70859c53de80de1a2165178b86f3b2f36551004 [3ms]
2025-04-02 23:20:07.117 [info] > git config --get commit.template [8ms]
2025-04-02 23:20:07.118 [info] > git for-each-ref --format=%(refname)%00%(upstream:short)%00%(objectname)%00%(upstream:track)%00%(upstream:remotename)%00%(upstream:remoteref) refs/heads/main refs/remotes/main [2ms]
2025-04-02 23:20:07.133 [info] > git status -z -uall [8ms]
2025-04-02 23:20:07.135 [info] > git for-each-ref --sort -committerdate --format %(refname) %(objectname) %(*objectname) [3ms]
2025-04-02 23:20:40.565 [info] > git config --get commit.template [8ms]
2025-04-02 23:20:40.566 [info] > git for-each-ref --format=%(refname)%00%(upstream:short)%00%(objectname)%00%(upstream:track)%00%(upstream:remotename)%00%(upstream:remoteref) refs/heads/main refs/remotes/main [2ms]
2025-04-02 23:20:40.581 [info] > git status -z -uall [8ms]
2025-04-02 23:20:40.583 [info] > git for-each-ref --sort -committerdate --format %(refname) %(objectname) %(*objectname) [3ms]
2025-04-02 23:20:51.564 [info] > git show --textconv :brojs/checked_property/script.js [16ms]
2025-04-02 23:20:51.566 [info] > git ls-files --stage -- brojs/checked_property/script.js [3ms]
2025-04-02 23:20:51.579 [info] > git cat-file -s e69de29bb2d1d6434b8b29ae775ad8c2e48c5391 [2ms]
2025-04-02 23:21:27.019 [info] > git config --get commit.template [4ms]
2025-04-02 23:21:27.049 [info] > git for-each-ref --format=%(refname)%00%(upstream:short)%00%(objectname)%00%(upstream:track)%00%(upstream:remotename)%00%(upstream:remoteref) refs/heads/main refs/remotes/main [10ms]
2025-04-02 23:21:27.085 [info] > git status -z -uall [18ms]
2025-04-02 23:21:27.086 [info] > git for-each-ref --sort -committerdate --format %(refname) %(objectname) %(*objectname) [4ms]
2025-04-02 23:21:51.439 [info] > git config --get commit.template [8ms]
2025-04-02 23:21:51.441 [info] > git for-each-ref --format=%(refname)%00%(upstream:short)%00%(objectname)%00%(upstream:track)%00%(upstream:remotename)%00%(upstream:remoteref) refs/heads/main refs/remotes/main [3ms]
2025-04-02 23:21:51.457 [info] > git status -z -uall [8ms]
2025-04-02 23:21:51.459 [info] > git for-each-ref --sort -committerdate --format %(refname) %(objectname) %(*objectname) [3ms]
2025-04-02 23:22:04.189 [info] > git show --textconv :brojs/checked_property/index.html [40ms]
2025-04-02 23:22:04.194 [info] > git ls-files --stage -- brojs/checked_property/index.html [7ms]
2025-04-02 23:22:04.211 [info] > git cat-file -s a70859c53de80de1a2165178b86f3b2f36551004 [3ms]
2025-04-02 23:22:05.974 [info] > git config --get commit.template [7ms]
2025-04-02 23:22:05.975 [info] > git for-each-ref --format=%(refname)%00%(upstream:short)%00%(objectname)%00%(upstream:track)%00%(upstream:remotename)%00%(upstream:remoteref) refs/heads/main refs/remotes/main [2ms]
2025-04-02 23:22:05.993 [info] > git status -z -uall [10ms]
2025-04-02 23:22:05.994 [info] > git for-each-ref --sort -committerdate --format %(refname) %(objectname) %(*objectname) [3ms]
2025-04-02 23:22:22.969 [info] > git config --get commit.template [2ms]
2025-04-02 23:22:22.977 [info] > git for-each-ref --format=%(refname)%00%(upstream:short)%00%(objectname)%00%(upstream:track)%00%(upstream:remotename)%00%(upstream:remoteref) refs/heads/main refs/remotes/main [2ms]
2025-04-02 23:22:22.992 [info] > git status -z -uall [7ms]
2025-04-02 23:22:22.994 [info] > git for-each-ref --sort -committerdate --format %(refname) %(objectname) %(*objectname) [2ms]
2025-04-02 23:26:25.960 [info] > git show --textconv :brojs/checked_property/script.js [15ms]
2025-04-02 23:26:25.963 [info] > git ls-files --stage -- brojs/checked_property/script.js [4ms]
2025-04-02 23:26:25.994 [info] > git cat-file -s e69de29bb2d1d6434b8b29ae775ad8c2e48c5391 [17ms]
2025-04-02 23:26:26.001 [info] > git config --get commit.template [7ms]
2025-04-02 23:26:26.030 [info] > git for-each-ref --format=%(refname)%00%(upstream:short)%00%(objectname)%00%(upstream:track)%00%(upstream:remotename)%00%(upstream:remoteref) refs/heads/main refs/remotes/main [7ms]
2025-04-02 23:26:26.079 [info] > git status -z -uall [30ms]
2025-04-02 23:26:26.080 [info] > git for-each-ref --sort -committerdate --format %(refname) %(objectname) %(*objectname) [16ms]
2025-04-02 23:26:31.582 [info] > git config --get commit.template [8ms]
2025-04-02 23:26:31.583 [info] > git for-each-ref --format=%(refname)%00%(upstream:short)%00%(objectname)%00%(upstream:track)%00%(upstream:remotename)%00%(upstream:remoteref) refs/heads/main refs/remotes/main [2ms]
2025-04-02 23:26:31.598 [info] > git status -z -uall [8ms]
2025-04-02 23:26:31.600 [info] > git for-each-ref --sort -committerdate --format %(refname) %(objectname) %(*objectname) [3ms]
2025-04-02 23:28:19.595 [info] > git show --textconv :brojs/checked_property/index.html [19ms]
2025-04-02 23:28:19.605 [info] > git ls-files --stage -- brojs/checked_property/index.html [12ms]
2025-04-02 23:28:19.622 [info] > git cat-file -s a70859c53de80de1a2165178b86f3b2f36551004 [6ms]
2025-04-02 23:28:23.194 [info] > git show --textconv :brojs/checked_property/script.js [58ms]
2025-04-02 23:28:23.196 [info] > git ls-files --stage -- brojs/checked_property/script.js [30ms]
2025-04-02 23:28:23.221 [info] > git cat-file -s e69de29bb2d1d6434b8b29ae775ad8c2e48c5391 [9ms]
2025-04-02 23:28:26.784 [info] > git config --get commit.template [7ms]
2025-04-02 23:28:26.785 [info] > git for-each-ref --format=%(refname)%00%(upstream:short)%00%(objectname)%00%(upstream:track)%00%(upstream:remotename)%00%(upstream:remoteref) refs/heads/main refs/remotes/main [2ms]
2025-04-02 23:28:26.800 [info] > git status -z -uall [8ms]
2025-04-02 23:28:26.801 [info] > git for-each-ref --sort -committerdate --format %(refname) %(objectname) %(*objectname) [2ms]
2025-04-02 23:29:33.910 [info] > git show --textconv :brojs/checked_property/index.html [29ms]
2025-04-02 23:29:33.912 [info] > git ls-files --stage -- brojs/checked_property/index.html [3ms]
2025-04-02 23:29:33.935 [info] > git cat-file -s a70859c53de80de1a2165178b86f3b2f36551004 [7ms]
2025-04-02 23:38:13.272 [info] > git config --get commit.template [14ms]
2025-04-02 23:38:13.276 [info] > git for-each-ref --format=%(refname)%00%(upstream:short)%00%(objectname)%00%(upstream:track)%00%(upstream:remotename)%00%(upstream:remoteref) refs/heads/main refs/remotes/main [7ms]
2025-04-02 23:38:13.308 [info] > git status -z -uall [17ms]
2025-04-02 23:38:13.312 [info] > git for-each-ref --sort -committerdate --format %(refname) %(objectname) %(*objectname) [11ms]
2025-04-02 23:42:26.933 [info] > git config --get commit.template [8ms]
2025-04-02 23:42:26.935 [info] > git for-each-ref --format=%(refname)%00%(upstream:short)%00%(objectname)%00%(upstream:track)%00%(upstream:remotename)%00%(upstream:remoteref) refs/heads/main refs/remotes/main [3ms]
2025-04-02 23:42:26.954 [info] > git status -z -uall [10ms]
2025-04-02 23:42:26.956 [info] > git for-each-ref --sort -committerdate --format %(refname) %(objectname) %(*objectname) [3ms]
2025-04-02 23:45:17.315 [info] > git log --format=%H%n%aN%n%aE%n%at%n%ct%n%P%n%D%n%B -z --shortstat --diff-merges=first-parent -n50 --skip=0 --topo-order --decorate=full --stdin [318ms]
2025-04-02 23:45:38.567 [info] > git add -A -- . [8ms]
2025-04-02 23:45:38.606 [info] > git -c user.useConfigOnly=true commit --quiet --allow-empty-message --file - [21ms]
2025-04-02 23:45:38.632 [info] > git config --get commit.template [7ms]
2025-04-02 23:45:38.653 [info] > git config --get commit.template [5ms]
2025-04-02 23:45:38.673 [info] > git for-each-ref --format=%(refname)%00%(upstream:short)%00%(objectname)%00%(upstream:track)%00%(upstream:remotename)%00%(upstream:remoteref) refs/heads/main refs/remotes/main [7ms]
2025-04-02 23:45:38.723 [info] > git status -z -uall [31ms]
2025-04-02 23:45:38.724 [info] > git for-each-ref --sort -committerdate --format %(refname) %(objectname) %(*objectname) [4ms]
2025-04-02 23:45:38.802 [info] > git merge-base refs/heads/main refs/remotes/origin/main [35ms]
2025-04-02 23:45:38.826 [info] > git diff --name-status -z --diff-filter=ADMR e959d7b24666522062f7b019224dbf03da747d3e...refs/remotes/origin/main [8ms]
2025-04-02 23:45:38.831 [info] > git config --get commit.template [30ms]
2025-04-02 23:45:38.909 [info] > git config --get commit.template [8ms]
2025-04-02 23:45:38.909 [info] > git for-each-ref --format=%(refname)%00%(upstream:short)%00%(objectname)%00%(upstream:track)%00%(upstream:remotename)%00%(upstream:remoteref) refs/heads/main refs/remotes/main [28ms]
2025-04-02 23:45:38.949 [info] > git for-each-ref --format=%(refname)%00%(upstream:short)%00%(objectname)%00%(upstream:track)%00%(upstream:remotename)%00%(upstream:remoteref) refs/heads/main refs/remotes/main [22ms]
2025-04-02 23:45:38.985 [info] > git status -z -uall [18ms]
2025-04-02 23:45:38.988 [info] > git for-each-ref --sort -committerdate --format %(refname) %(objectname) %(*objectname) [5ms]
2025-04-02 23:45:39.163 [info] > git log --format=%H%n%aN%n%aE%n%at%n%ct%n%P%n%D%n%B -z --shortstat --diff-merges=first-parent -n50 --skip=0 --topo-order --decorate=full --stdin [311ms]
2025-04-02 23:45:46.038 [info] > git log --oneline --cherry main...main@{upstream} -- [8ms]
2025-04-02 23:45:53.133 [info] > git pull --tags origin main [7060ms]
2025-04-02 23:45:53.133 [info] remote: Repository not found.
fatal: Authentication failed for 'https://github.com/Apekshit-Yadav/coding-projects.git/'
2025-04-02 23:45:53.165 [info] > git config --get commit.template [15ms]
2025-04-02 23:45:53.165 [info] > git for-each-ref --format=%(refname)%00%(upstream:short)%00%(objectname)%00%(upstream:track)%00%(upstream:remotename)%00%(upstream:remoteref) refs/heads/main refs/remotes/main [2ms]
2025-04-02 23:45:53.196 [info] > git status -z -uall [17ms]
2025-04-02 23:45:53.198 [info] > git for-each-ref --sort -committerdate --format %(refname) %(objectname) %(*objectname) [3ms]
