2025-04-02 23:14:01.428 [info] Started local extension host with pid 23546.
2025-04-02 23:14:03.882 [error] Error while getting the latest version for the extension dlasagno.wal-theme. Cannot read properties of undefined (reading 'replace')
2025-04-02 23:14:03.887 [error] Error while getting the latest version for the extension jdinhlife.gruvbox. Cannot read properties of undefined (reading 'replace')
2025-04-02 23:14:03.889 [error] Error while getting the latest version for the extension ritwickdey.liveserver. Cannot read properties of undefined (reading 'replace')
2025-04-02 23:14:03.892 [error] Error while getting the latest version for the extension sainnhe.gruvbox-material. Cannot read properties of undefined (reading 'replace')
2025-04-02 23:14:04.533 [info] [perf] Render performance baseline is 93ms
2025-04-02 23:14:27.574 [info] Started local extension host with pid 23873.
2025-04-02 23:14:31.616 [error] Error while getting the latest version for the extension dlasagno.wal-theme. Cannot read properties of undefined (reading 'replace')
2025-04-02 23:14:31.619 [error] Error while getting the latest version for the extension jdinhlife.gruvbox. Cannot read properties of undefined (reading 'replace')
2025-04-02 23:14:31.619 [error] Error while getting the latest version for the extension ritwickdey.liveserver. Cannot read properties of undefined (reading 'replace')
2025-04-02 23:14:31.620 [error] Error while getting the latest version for the extension sainnhe.gruvbox-material. Cannot read properties of undefined (reading 'replace')
2025-04-02 23:14:32.612 [info] [perf] Render performance baseline is 133ms
2025-04-02 23:15:03.608 [error] Illegal value for lineNumber: Error: Illegal value for lineNumber
    at Cf.getLineMaxColumn (vscode-file://vscode-app/usr/lib/code/out/vs/workbench/workbench.desktop.main.js:253:112)
    at vscode-file://vscode-app/usr/lib/code/out/vs/workbench/workbench.desktop.main.js:2001:13251
    at HI._computeFn (vscode-file://vscode-app/usr/lib/code/out/vs/workbench/workbench.desktop.main.js:31:24260)
    at HI.q (vscode-file://vscode-app/usr/lib/code/out/vs/workbench/workbench.desktop.main.js:31:25793)
    at HI.get (vscode-file://vscode-app/usr/lib/code/out/vs/workbench/workbench.desktop.main.js:31:25545)
    at HI.reportChanges (vscode-file://vscode-app/usr/lib/code/out/vs/workbench/workbench.desktop.main.js:31:15998)
    at rse.endUpdate (vscode-file://vscode-app/usr/lib/code/out/vs/workbench/workbench.desktop.main.js:31:22892)
    at HI.endUpdate (vscode-file://vscode-app/usr/lib/code/out/vs/workbench/workbench.desktop.main.js:31:26591)
    at _5.finish (vscode-file://vscode-app/usr/lib/code/out/vs/workbench/workbench.desktop.main.js:31:17858)
    at Hi (vscode-file://vscode-app/usr/lib/code/out/vs/workbench/workbench.desktop.main.js:31:17251)
