2025-04-04 10:59:28.411 [info] [main] Log level: Info
2025-04-04 10:59:28.411 [info] [main] Validating found git in: "git"
2025-04-04 10:59:28.411 [info] [main] Using git "2.49.0" from "git"
2025-04-04 10:59:28.411 [info] [Model][doInitialScan] Initial repository scan started
2025-04-04 10:59:28.411 [info] > git rev-parse --show-toplevel [20ms]
2025-04-04 10:59:28.411 [info] > git rev-parse --git-dir --git-common-dir [9ms]
2025-04-04 10:59:28.411 [info] [Model][openRepository] Opened repository: /home/papa/Documents/GitHub/coding-projects
2025-04-04 10:59:28.448 [info] > git config --get commit.template [27ms]
2025-04-04 10:59:28.460 [info] > git for-each-ref --format=%(refname)%00%(upstream:short)%00%(objectname)%00%(upstream:track)%00%(upstream:remotename)%00%(upstream:remoteref) refs/heads/main refs/remotes/main [27ms]
2025-04-04 10:59:28.462 [info] > git rev-parse --show-toplevel [4ms]
2025-04-04 10:59:28.503 [info] > git status -z -uall [20ms]
2025-04-04 10:59:28.504 [info] > git rev-parse --show-toplevel [34ms]
2025-04-04 10:59:28.515 [info] > git for-each-ref --sort -committerdate --format %(refname) %(objectname) %(*objectname) [14ms]
2025-04-04 10:59:28.654 [info] > git for-each-ref --format=%(refname)%00%(upstream:short)%00%(objectname)%00%(upstream:track)%00%(upstream:remotename)%00%(upstream:remoteref) refs/heads/main refs/remotes/main [88ms]
2025-04-04 10:59:28.665 [info] > git rev-parse --show-toplevel [152ms]
2025-04-04 10:59:28.716 [info] > git config --get --local branch.main.vscode-merge-base [52ms]
2025-04-04 10:59:28.730 [info] > git config --get commit.template [81ms]
2025-04-04 10:59:28.798 [info] > git for-each-ref --format=%(refname)%00%(upstream:short)%00%(objectname)%00%(upstream:track)%00%(upstream:remotename)%00%(upstream:remoteref) refs/heads/origin/main refs/remotes/origin/main [69ms]
2025-04-04 10:59:28.814 [info] > git rev-parse --show-toplevel [99ms]
2025-04-04 10:59:28.852 [info] > git merge-base refs/heads/main refs/remotes/origin/main [38ms]
2025-04-04 10:59:28.870 [info] > git rev-parse --show-toplevel [22ms]
2025-04-04 10:59:28.872 [info] > git for-each-ref --format=%(refname)%00%(upstream:short)%00%(objectname)%00%(upstream:track)%00%(upstream:remotename)%00%(upstream:remoteref) refs/heads/main refs/remotes/main [34ms]
2025-04-04 10:59:28.900 [info] > git diff --name-status -z --diff-filter=ADMR 1428415ad3dcb7d9b54e2188243ca03615b5ad6f...refs/remotes/origin/main [35ms]
2025-04-04 10:59:28.908 [info] > git rev-parse --show-toplevel [11ms]
2025-04-04 10:59:28.947 [info] > git status -z -uall [9ms]
2025-04-04 10:59:28.947 [info] > git rev-parse --show-toplevel [21ms]
2025-04-04 10:59:28.956 [info] > git for-each-ref --sort -committerdate --format %(refname) %(objectname) %(*objectname) [10ms]
2025-04-04 10:59:28.967 [info] > git rev-parse --show-toplevel [13ms]
2025-04-04 10:59:28.977 [info] > git rev-parse --show-toplevel [2ms]
2025-04-04 10:59:28.986 [info] > git rev-parse --show-toplevel [2ms]
2025-04-04 10:59:28.988 [info] [Model][doInitialScan] Initial repository scan completed - repositories (1), closed repositories (0), parent repositories (0), unsafe repositories (0)
2025-04-04 10:59:29.154 [info] > git check-ignore -v -z --stdin [2ms]
2025-04-04 10:59:38.280 [info] > git check-ignore -v -z --stdin [2ms]
2025-04-04 10:59:39.838 [info] > git show --textconv :brojs/checked_property/index.html [27ms]
2025-04-04 10:59:39.851 [info] > git ls-files --stage -- brojs/checked_property/index.html [16ms]
2025-04-04 10:59:39.871 [info] > git cat-file -s f7675cf100d154cbb60da6ff95ffdfa253e9a994 [6ms]
2025-04-04 10:59:41.281 [info] > git show --textconv :brojs/checked_property/script.js [526ms]
2025-04-04 10:59:41.282 [info] > git ls-files --stage -- brojs/checked_property/script.js [505ms]
2025-04-04 10:59:41.541 [info] > git cat-file -s bc6dd1c18e4d72dba311fbc254f6d047d4a4d613 [213ms]
2025-04-04 10:59:41.759 [info] > git show --textconv :brojs/checked_property/index.html [69ms]
2025-04-04 10:59:41.782 [info] > git ls-files --stage -- brojs/checked_property/index.html [61ms]
2025-04-04 10:59:41.900 [info] > git cat-file -s f7675cf100d154cbb60da6ff95ffdfa253e9a994 [66ms]
2025-04-04 10:59:42.110 [info] > git blame --root --incremental 1428415ad3dcb7d9b54e2188243ca03615b5ad6f -- brojs/checked_property/index.html [27ms]
2025-04-04 10:59:45.670 [info] > git show --textconv :brojs/checked_property/script.js [39ms]
2025-04-04 10:59:45.674 [info] > git ls-files --stage -- brojs/checked_property/script.js [9ms]
2025-04-04 10:59:45.692 [info] > git cat-file -s bc6dd1c18e4d72dba311fbc254f6d047d4a4d613 [8ms]
