2025-03-04 05:36:49 Loading main app package /tmp/.mount_ObsidiQJuOth/resources/obsidian.asar
2025-03-04 05:36:50 Checking for update using Github
2025-03-04 05:36:50 Success.
2025-03-04 05:36:50 Latest version is 1.8.7
2025-03-04 05:36:50 App is up to date.
2025-03-04 05:37:21 Loading main app package /tmp/.mount_ObsidiBp3ckO/resources/obsidian.asar
2025-03-04 05:37:22 Checking for update using Github
2025-03-04 05:37:22 Success.
2025-03-04 05:37:22 Latest version is 1.8.7
2025-03-04 05:37:22 App is up to date.
2025-03-07 05:12:23 Loading main app package /usr/lib/obsidian/obsidian.asar
2025-03-07 05:12:23 Checking for update using Github
2025-03-07 05:12:24 Success.
2025-03-07 05:12:24 Latest version is 1.8.9
2025-03-07 05:12:24 Downloading update from https://github.com/obsidianmd/obsidian-releases/releases/download/v1.8.9/obsidian-1.8.9.asar.gz
2025-03-07 05:12:27 Verifying hash & signature. Size= 8125625
2025-03-07 05:12:27 Saving file
2025-03-07 05:12:27 Update complete.
2025-03-07 06:05:28 Loading updated app package /home/papa/.config/obsidian/obsidian-1.8.9.asar
2025-03-07 06:05:28 Checking for update using Github
2025-03-07 06:05:29 Success.
2025-03-07 06:05:29 Latest version is 1.8.9
2025-03-07 06:05:29 App is up to date.
2025-03-07 06:06:08 Loading updated app package /home/papa/.config/obsidian/obsidian-1.8.9.asar
2025-03-07 06:06:08 Checking for update using Github
2025-03-07 06:06:08 Success.
2025-03-07 06:06:08 Latest version is 1.8.9
2025-03-07 06:06:08 App is up to date.
2025-03-07 06:06:38 Loading updated app package /home/papa/.config/obsidian/obsidian-1.8.9.asar
2025-03-07 06:06:38 Checking for update using Github
2025-03-07 06:06:38 Success.
2025-03-07 06:06:38 Latest version is 1.8.9
2025-03-07 06:06:38 App is up to date.
2025-03-07 06:11:31 Loading updated app package /home/papa/.config/obsidian/obsidian-1.8.9.asar
2025-03-07 06:11:31 Checking for update using Github
2025-03-07 06:11:31 Success.
2025-03-07 06:11:31 Latest version is 1.8.9
2025-03-07 06:11:31 App is up to date.
2025-03-09 03:21:07 Loading updated app package /home/papa/.config/obsidian/obsidian-1.8.9.asar
2025-03-09 03:21:08 Checking for update using Github
2025-03-09 03:21:08 Failed to check for update using Github (net::ERR_INTERNET_DISCONNECTED)
2025-03-09 03:21:08 Checking for update using obsidian.md
2025-03-09 03:21:08 Failed to check for update using obsidian.md (net::ERR_INTERNET_DISCONNECTED)
2025-03-09 03:43:21 Loading updated app package /home/papa/.config/obsidian/obsidian-1.8.9.asar
2025-03-09 03:43:21 Checking for update using Github
2025-03-09 03:43:21 Success.
2025-03-09 03:43:21 Latest version is 1.8.9
2025-03-09 03:43:21 App is up to date.
2025-03-09 05:06:10 Loading updated app package /home/papa/.config/obsidian/obsidian-1.8.9.asar
2025-03-09 05:06:10 Checking for update using Github
2025-03-09 05:06:10 Success.
2025-03-09 05:06:10 Latest version is 1.8.9
2025-03-09 05:06:10 App is up to date.
2025-03-10 15:10:16 Loading updated app package /home/papa/.config/obsidian/obsidian-1.8.9.asar
2025-03-10 15:10:17 Checking for update using Github
2025-03-10 15:10:17 Success.
2025-03-10 15:10:17 Latest version is 1.8.9
2025-03-10 15:10:17 App is up to date.
2025-03-10 16:55:18 Loading updated app package /home/papa/.config/obsidian/obsidian-1.8.9.asar
2025-03-10 16:55:19 Checking for update using Github
2025-03-10 16:55:19 Success.
2025-03-10 16:55:19 Latest version is 1.8.9
2025-03-10 16:55:19 App is up to date.
2025-03-11 03:35:54 Loading updated app package /home/papa/.config/obsidian/obsidian-1.8.9.asar
2025-03-11 03:35:54 Checking for update using Github
2025-03-11 03:35:54 Success.
2025-03-11 03:35:54 Latest version is 1.8.9
2025-03-11 03:35:54 App is up to date.
2025-03-12 04:07:48 Loading main app package /usr/lib/obsidian/obsidian.asar
2025-03-12 04:07:49 Checking for update using Github
2025-03-12 04:07:49 Success.
2025-03-12 04:07:49 Latest version is 1.8.9
2025-03-12 04:07:49 App is up to date.
2025-03-12 06:43:17 Loading main app package /usr/lib/obsidian/obsidian.asar
2025-03-12 06:43:18 Checking for update using Github
2025-03-12 06:43:18 Success.
2025-03-12 06:43:18 Latest version is 1.8.9
2025-03-12 06:43:18 App is up to date.
2025-03-12 07:43:17 Checking for update using Github
2025-03-12 07:43:17 Success.
2025-03-12 07:43:17 Latest version is 1.8.9
2025-03-12 07:43:17 App is up to date.
2025-03-12 09:45:19 Loading main app package /usr/lib/obsidian/obsidian.asar
2025-03-12 09:45:19 Checking for update using Github
2025-03-12 09:45:24 Success.
2025-03-12 09:45:24 Latest version is 1.8.9
2025-03-12 09:45:24 App is up to date.
2025-03-12 10:53:09 Loading main app package /usr/lib/obsidian/obsidian.asar
2025-03-12 10:53:10 Checking for update using Github
2025-03-12 10:53:10 Success.
2025-03-12 10:53:10 Latest version is 1.8.9
2025-03-12 10:53:10 App is up to date.
2025-03-13 04:54:15 Loading main app package /usr/lib/obsidian/obsidian.asar
2025-03-13 04:54:15 Checking for update using Github
2025-03-13 04:54:16 Success.
2025-03-13 04:54:16 Latest version is 1.8.9
2025-03-13 04:54:16 App is up to date.
2025-03-14 04:44:01 Loading main app package /usr/lib/obsidian/obsidian.asar
2025-03-14 04:44:02 Checking for update using Github
2025-03-14 04:44:02 Success.
2025-03-14 04:44:02 Latest version is 1.8.9
2025-03-14 04:44:02 App is up to date.
2025-03-14 05:44:01 Checking for update using Github
2025-03-14 05:44:02 Success.
2025-03-14 05:44:02 Latest version is 1.8.9
2025-03-14 05:44:02 App is up to date.
2025-03-16 12:11:36 Loading main app package /usr/lib/obsidian/obsidian.asar
2025-03-16 12:11:36 Checking for update using Github
2025-03-16 12:11:37 Success.
2025-03-16 12:11:37 Latest version is 1.8.9
2025-03-16 12:11:37 App is up to date.
2025-03-19 04:49:43 Loading main app package /usr/lib/obsidian/obsidian.asar
2025-03-19 04:49:44 Checking for update using Github
2025-03-19 04:49:44 Success.
2025-03-19 04:49:44 Latest version is 1.8.9
2025-03-19 04:49:44 App is up to date.
2025-03-19 13:05:20 Loading main app package /usr/lib/obsidian/obsidian.asar
2025-03-19 13:05:21 Checking for update using Github
2025-03-19 13:05:21 Success.
2025-03-19 13:05:21 Latest version is 1.8.9
2025-03-19 13:05:21 App is up to date.
2025-03-24 04:38:30 Loading main app package /usr/lib/obsidian/obsidian.asar
2025-03-24 04:38:31 Checking for update using Github
2025-03-24 04:38:31 Success.
2025-03-24 04:38:31 Latest version is 1.8.9
2025-03-24 04:38:31 App is up to date.
2025-03-29 05:14:57 Loading main app package /usr/lib/obsidian/obsidian.asar
2025-03-29 05:14:58 Checking for update using Github
2025-03-29 05:14:58 Success.
2025-03-29 05:14:58 Latest version is 1.8.9
2025-03-29 05:14:58 App is up to date.
2025-03-31 05:53:56 Loading main app package /usr/lib/obsidian/obsidian.asar
2025-03-31 05:53:56 Checking for update using Github
2025-03-31 05:53:57 Success.
2025-03-31 05:53:57 Latest version is 1.8.9
2025-03-31 05:53:57 App is up to date.
2025-04-02 11:15:06 Loading main app package /usr/lib/obsidian/obsidian.asar
2025-04-02 11:15:07 Checking for update using Github
2025-04-02 11:15:07 Success.
2025-04-02 11:15:07 Latest version is 1.8.9
2025-04-02 11:15:07 App is up to date.
2025-04-04 07:17:43 Loading main app package /usr/lib/obsidian/obsidian.asar
2025-04-04 07:17:43 Checking for update using Github
2025-04-04 07:17:44 Success.
2025-04-04 07:17:44 Latest version is 1.8.9
2025-04-04 07:17:44 App is up to date.
