2025-04-03 19:06:01.883 [info] [main] Log level: Info
2025-04-03 19:06:01.884 [info] [main] Validating found git in: "git"
2025-04-03 19:06:01.884 [info] [main] Using git "2.49.0" from "git"
2025-04-03 19:06:01.884 [info] [Model][doInitialScan] Initial repository scan started
2025-04-03 19:06:01.884 [info] > git rev-parse --show-toplevel [26ms]
2025-04-03 19:06:01.884 [info] > git rev-parse --git-dir --git-common-dir [13ms]
2025-04-03 19:06:01.884 [info] [Model][openRepository] Opened repository: /home/papa/Documents/GitHub/coding-projects
2025-04-03 19:06:01.887 [info] > git config --get commit.template [3ms]
2025-04-03 19:06:01.972 [info] > git for-each-ref --format=%(refname)%00%(upstream:short)%00%(objectname)%00%(upstream:track)%00%(upstream:remotename)%00%(upstream:remoteref) refs/heads/main refs/remotes/main [73ms]
2025-04-03 19:06:02.069 [info] > git rev-parse --show-toplevel [58ms]
2025-04-03 19:06:02.100 [info] > git rev-parse --show-toplevel [21ms]
2025-04-03 19:06:02.107 [info] > git status -z -uall [17ms]
2025-04-03 19:06:02.109 [info] > git rev-parse --show-toplevel [3ms]
2025-04-03 19:06:02.109 [info] > git for-each-ref --sort -committerdate --format %(refname) %(objectname) %(*objectname) [10ms]
2025-04-03 19:06:02.180 [info] > git for-each-ref --format=%(refname)%00%(upstream:short)%00%(objectname)%00%(upstream:track)%00%(upstream:remotename)%00%(upstream:remoteref) refs/heads/main refs/remotes/main [22ms]
2025-04-03 19:06:02.191 [info] > git config --get --local branch.main.vscode-merge-base [4ms]
2025-04-03 19:06:02.198 [info] > git config --get commit.template [18ms]
2025-04-03 19:06:02.198 [info] > git rev-parse --show-toplevel [28ms]
2025-04-03 19:06:02.251 [info] > git rev-parse --show-toplevel [46ms]
2025-04-03 19:06:02.251 [info] > git for-each-ref --format=%(refname)%00%(upstream:short)%00%(objectname)%00%(upstream:track)%00%(upstream:remotename)%00%(upstream:remoteref) refs/heads/origin/main refs/remotes/origin/main [54ms]
2025-04-03 19:06:02.274 [info] > git merge-base refs/heads/main refs/remotes/origin/main [15ms]
2025-04-03 19:06:02.281 [info] > git for-each-ref --format=%(refname)%00%(upstream:short)%00%(objectname)%00%(upstream:track)%00%(upstream:remotename)%00%(upstream:remoteref) refs/heads/main refs/remotes/main [31ms]
2025-04-03 19:06:02.283 [info] > git rev-parse --show-toplevel [13ms]
2025-04-03 19:06:02.291 [info] > git diff --name-status -z --diff-filter=ADMR 1428415ad3dcb7d9b54e2188243ca03615b5ad6f...refs/remotes/origin/main [10ms]
2025-04-03 19:06:02.293 [info] > git rev-parse --show-toplevel [3ms]
2025-04-03 19:06:02.314 [info] > git status -z -uall [15ms]
2025-04-03 19:06:02.314 [info] > git for-each-ref --sort -committerdate --format %(refname) %(objectname) %(*objectname) [9ms]
2025-04-03 19:06:02.324 [info] > git rev-parse --show-toplevel [12ms]
2025-04-03 19:06:02.332 [info] > git rev-parse --show-toplevel [2ms]
2025-04-03 19:06:02.340 [info] > git rev-parse --show-toplevel [2ms]
2025-04-03 19:06:02.341 [info] [Model][doInitialScan] Initial repository scan completed - repositories (1), closed repositories (0), parent repositories (0), unsafe repositories (0)
2025-04-03 19:09:08.310 [info] > git config --get commit.template [18ms]
2025-04-03 19:09:08.314 [info] > git for-each-ref --format=%(refname)%00%(upstream:short)%00%(objectname)%00%(upstream:track)%00%(upstream:remotename)%00%(upstream:remoteref) refs/heads/main refs/remotes/main [5ms]
2025-04-03 19:09:08.337 [info] > git status -z -uall [12ms]
2025-04-03 19:09:08.338 [info] > git for-each-ref --sort -committerdate --format %(refname) %(objectname) %(*objectname) [2ms]
2025-04-03 19:09:15.159 [info] > git config --get commit.template [15ms]
2025-04-03 19:09:15.159 [info] > git for-each-ref --format=%(refname)%00%(upstream:short)%00%(objectname)%00%(upstream:track)%00%(upstream:remotename)%00%(upstream:remoteref) refs/heads/main refs/remotes/main [2ms]
2025-04-03 19:09:15.187 [info] > git status -z -uall [13ms]
2025-04-03 19:09:15.190 [info] > git for-each-ref --sort -committerdate --format %(refname) %(objectname) %(*objectname) [5ms]
2025-04-03 19:12:23.368 [info] > git check-ignore -v -z --stdin [4ms]
2025-04-03 19:12:26.982 [info] > git check-ignore -v -z --stdin [2ms]
2025-04-03 19:12:29.569 [info] > git show --textconv :brojs/randomNumberGenerator/index.html [21ms]
2025-04-03 19:12:29.578 [info] > git ls-files --stage -- brojs/randomNumberGenerator/index.html [10ms]
2025-04-03 19:12:29.605 [info] > git cat-file -s bc8c2d8f086e51137077ce187002639853f9ec5d [4ms]
2025-04-03 19:12:30.385 [info] > git blame --root --incremental 1428415ad3dcb7d9b54e2188243ca03615b5ad6f -- brojs/randomNumberGenerator/index.html [19ms]
2025-04-03 19:35:10.942 [info] > git show --textconv :brojs/randomNumberGenerator/script.js [59ms]
2025-04-03 19:35:10.943 [info] > git ls-files --stage -- brojs/randomNumberGenerator/script.js [17ms]
2025-04-03 19:35:10.985 [info] > git cat-file -s 678baccce3076686e60c682d227c91fa44dbc7c2 [12ms]
2025-04-03 19:35:11.068 [info] > git blame --root --incremental 1428415ad3dcb7d9b54e2188243ca03615b5ad6f -- brojs/randomNumberGenerator/script.js [8ms]
