2025-04-03 23:21:04.889 [info] [main] Log level: Info
2025-04-03 23:21:04.889 [info] [main] Validating found git in: "git"
2025-04-03 23:21:04.889 [info] [main] Using git "2.49.0" from "git"
2025-04-03 23:21:04.889 [info] [Model][doInitialScan] Initial repository scan started
2025-04-03 23:21:04.889 [info] > git rev-parse --show-toplevel [134ms]
2025-04-03 23:21:04.889 [info] > git rev-parse --git-dir --git-common-dir [127ms]
2025-04-03 23:21:04.889 [info] [Model][openRepository] Opened repository: /home/papa/Documents/GitHub/coding-projects
2025-04-03 23:21:04.889 [info] > git config --get commit.template [101ms]
2025-04-03 23:21:04.896 [info] > git rev-parse --show-toplevel [135ms]
2025-04-03 23:21:05.229 [info] > git for-each-ref --format=%(refname)%00%(upstream:short)%00%(objectname)%00%(upstream:track)%00%(upstream:remotename)%00%(upstream:remoteref) refs/heads/main refs/remotes/main [260ms]
2025-04-03 23:21:05.489 [info] > git check-ignore -v -z --stdin [13ms]
2025-04-03 23:21:05.493 [info] > git rev-parse --show-toplevel [187ms]
2025-04-03 23:21:05.630 [info] > git status -z -uall [61ms]
2025-04-03 23:21:05.631 [info] > git rev-parse --show-toplevel [115ms]
2025-04-03 23:21:05.748 [info] > git for-each-ref --sort -committerdate --format %(refname) %(objectname) %(*objectname) [123ms]
2025-04-03 23:21:06.010 [info] > git for-each-ref --format=%(refname)%00%(upstream:short)%00%(objectname)%00%(upstream:track)%00%(upstream:remotename)%00%(upstream:remoteref) refs/heads/main refs/remotes/main [77ms]
2025-04-03 23:21:06.042 [info] > git rev-parse --show-toplevel [328ms]
2025-04-03 23:21:06.076 [info] > git config --get --local branch.main.vscode-merge-base [33ms]
2025-04-03 23:21:06.099 [info] > git config --get commit.template [99ms]
2025-04-03 23:21:06.117 [info] > git for-each-ref --format=%(refname)%00%(upstream:short)%00%(objectname)%00%(upstream:track)%00%(upstream:remotename)%00%(upstream:remoteref) refs/heads/origin/main refs/remotes/origin/main [18ms]
2025-04-03 23:21:06.183 [info] > git rev-parse --show-toplevel [114ms]
2025-04-03 23:21:06.553 [info] > git merge-base refs/heads/main refs/remotes/origin/main [392ms]
2025-04-03 23:21:06.822 [info] > git diff --name-status -z --diff-filter=ADMR 1428415ad3dcb7d9b54e2188243ca03615b5ad6f...refs/remotes/origin/main [193ms]
2025-04-03 23:21:06.823 [info] > git rev-parse --show-toplevel [271ms]
2025-04-03 23:21:06.825 [info] > git for-each-ref --format=%(refname)%00%(upstream:short)%00%(objectname)%00%(upstream:track)%00%(upstream:remotename)%00%(upstream:remoteref) refs/heads/main refs/remotes/main [334ms]
2025-04-03 23:21:06.946 [info] > git rev-parse --show-toplevel [51ms]
2025-04-03 23:21:07.087 [info] > git status -z -uall [48ms]
2025-04-03 23:21:07.088 [info] > git rev-parse --show-toplevel [105ms]
2025-04-03 23:21:07.112 [info] > git for-each-ref --sort -committerdate --format %(refname) %(objectname) %(*objectname) [34ms]
2025-04-03 23:21:07.132 [info] > git rev-parse --show-toplevel [22ms]
2025-04-03 23:21:07.161 [info] > git rev-parse --show-toplevel [3ms]
2025-04-03 23:21:07.204 [info] > git rev-parse --show-toplevel [4ms]
2025-04-03 23:21:07.214 [info] [Model][doInitialScan] Initial repository scan completed - repositories (1), closed repositories (0), parent repositories (0), unsafe repositories (0)
2025-04-03 23:21:07.313 [info] > git show --textconv :brojs/randomNumberGenerator/script.js [40ms]
2025-04-03 23:21:07.319 [info] > git ls-files --stage -- brojs/randomNumberGenerator/script.js [11ms]
2025-04-03 23:21:07.362 [info] > git cat-file -s 678baccce3076686e60c682d227c91fa44dbc7c2 [6ms]
2025-04-03 23:21:07.749 [info] > git blame --root --incremental 1428415ad3dcb7d9b54e2188243ca03615b5ad6f -- brojs/randomNumberGenerator/script.js [64ms]
2025-04-03 23:28:09.549 [info] > git show --textconv :brojs/switchchecker.html [21ms]
2025-04-03 23:28:09.565 [info] > git ls-files --stage -- brojs/switchchecker.html [23ms]
2025-04-03 23:28:09.583 [info] > git hash-object -t tree /dev/null [19ms]
2025-04-03 23:28:09.583 [warning] [GitFileSystemProvider][readFile] File not found - git:/home/papa/Documents/GitHub/coding-projects/brojs/switchchecker.html.git?%7B%22path%22%3A%22%2Fhome%2Fpapa%2FDocuments%2FGitHub%2Fcoding-projects%2Fbrojs%2Fswitchchecker.html%22%2C%22ref%22%3A%22%22%7D
2025-04-03 23:28:09.592 [info] > git hash-object -t tree /dev/null [11ms]
2025-04-03 23:28:09.592 [warning] [GitFileSystemProvider][stat] File not found - git:/home/papa/Documents/GitHub/coding-projects/brojs/switchchecker.html.git?%7B%22path%22%3A%22%2Fhome%2Fpapa%2FDocuments%2FGitHub%2Fcoding-projects%2Fbrojs%2Fswitchchecker.html%22%2C%22ref%22%3A%22%22%7D
2025-04-03 23:28:09.617 [info] > git check-ignore -v -z --stdin [2ms]
2025-04-03 23:28:10.229 [info] > git config --get commit.template [15ms]
2025-04-03 23:28:10.230 [info] > git for-each-ref --format=%(refname)%00%(upstream:short)%00%(objectname)%00%(upstream:track)%00%(upstream:remotename)%00%(upstream:remoteref) refs/heads/main refs/remotes/main [6ms]
2025-04-03 23:28:10.260 [info] > git status -z -uall [18ms]
2025-04-03 23:28:10.264 [info] > git for-each-ref --sort -committerdate --format %(refname) %(objectname) %(*objectname) [8ms]
2025-04-03 23:29:13.474 [info] > git config --get commit.template [7ms]
2025-04-03 23:29:13.475 [info] > git for-each-ref --format=%(refname)%00%(upstream:short)%00%(objectname)%00%(upstream:track)%00%(upstream:remotename)%00%(upstream:remoteref) refs/heads/main refs/remotes/main [2ms]
2025-04-03 23:29:13.491 [info] > git status -z -uall [8ms]
2025-04-03 23:29:13.492 [info] > git for-each-ref --sort -committerdate --format %(refname) %(objectname) %(*objectname) [2ms]
2025-04-03 23:29:26.490 [info] > git show --textconv :brojs/switchChecker.js [16ms]
2025-04-03 23:29:26.491 [warning] [GitFileSystemProvider][readFile] File not found - git:/home/papa/Documents/GitHub/coding-projects/brojs/switchChecker.js.git?%7B%22path%22%3A%22%2Fhome%2Fpapa%2FDocuments%2FGitHub%2Fcoding-projects%2Fbrojs%2FswitchChecker.js%22%2C%22ref%22%3A%22%22%7D
2025-04-03 23:29:26.492 [info] > git ls-files --stage -- brojs/switchChecker.js [3ms]
2025-04-03 23:29:26.493 [warning] [GitFileSystemProvider][stat] File not found - git:/home/papa/Documents/GitHub/coding-projects/brojs/switchChecker.js.git?%7B%22path%22%3A%22%2Fhome%2Fpapa%2FDocuments%2FGitHub%2Fcoding-projects%2Fbrojs%2FswitchChecker.js%22%2C%22ref%22%3A%22%22%7D
2025-04-03 23:29:26.716 [info] > git check-ignore -v -z --stdin [5ms]
2025-04-03 23:29:27.374 [info] > git config --get commit.template [8ms]
2025-04-03 23:29:27.375 [info] > git for-each-ref --format=%(refname)%00%(upstream:short)%00%(objectname)%00%(upstream:track)%00%(upstream:remotename)%00%(upstream:remoteref) refs/heads/main refs/remotes/main [2ms]
2025-04-03 23:29:27.390 [info] > git status -z -uall [8ms]
2025-04-03 23:29:27.391 [info] > git for-each-ref --sort -committerdate --format %(refname) %(objectname) %(*objectname) [2ms]
2025-04-03 23:29:31.554 [info] > git show --textconv :brojs/randomNumberGenerator/script.js [15ms]
2025-04-03 23:29:31.555 [info] > git ls-files --stage -- brojs/randomNumberGenerator/script.js [4ms]
2025-04-03 23:29:31.574 [info] > git cat-file -s 678baccce3076686e60c682d227c91fa44dbc7c2 [6ms]
2025-04-03 23:29:32.865 [info] > git show --textconv :brojs/randomNumberGenerator/index.html [15ms]
2025-04-03 23:29:32.871 [info] > git ls-files --stage -- brojs/randomNumberGenerator/index.html [11ms]
2025-04-03 23:29:32.888 [info] > git cat-file -s bc8c2d8f086e51137077ce187002639853f9ec5d [6ms]
2025-04-03 23:29:32.911 [info] > git blame --root --incremental 1428415ad3dcb7d9b54e2188243ca03615b5ad6f -- brojs/randomNumberGenerator/index.html [3ms]
2025-04-03 23:30:10.174 [info] > git config --get commit.template [8ms]
2025-04-03 23:30:10.175 [info] > git for-each-ref --format=%(refname)%00%(upstream:short)%00%(objectname)%00%(upstream:track)%00%(upstream:remotename)%00%(upstream:remoteref) refs/heads/main refs/remotes/main [2ms]
2025-04-03 23:30:10.191 [info] > git status -z -uall [8ms]
2025-04-03 23:30:10.192 [info] > git for-each-ref --sort -committerdate --format %(refname) %(objectname) %(*objectname) [2ms]
2025-04-03 23:32:00.323 [info] > git config --get commit.template [13ms]
2025-04-03 23:32:00.324 [info] > git for-each-ref --format=%(refname)%00%(upstream:short)%00%(objectname)%00%(upstream:track)%00%(upstream:remotename)%00%(upstream:remoteref) refs/heads/main refs/remotes/main [2ms]
2025-04-03 23:32:00.339 [info] > git status -z -uall [8ms]
2025-04-03 23:32:00.341 [info] > git for-each-ref --sort -committerdate --format %(refname) %(objectname) %(*objectname) [2ms]
2025-04-03 23:32:40.787 [info] > git config --get commit.template [8ms]
2025-04-03 23:32:40.788 [info] > git for-each-ref --format=%(refname)%00%(upstream:short)%00%(objectname)%00%(upstream:track)%00%(upstream:remotename)%00%(upstream:remoteref) refs/heads/main refs/remotes/main [2ms]
2025-04-03 23:32:40.804 [info] > git status -z -uall [9ms]
2025-04-03 23:32:40.805 [info] > git for-each-ref --sort -committerdate --format %(refname) %(objectname) %(*objectname) [3ms]
2025-04-03 23:32:55.294 [info] > git config --get commit.template [7ms]
2025-04-03 23:32:55.328 [info] > git for-each-ref --format=%(refname)%00%(upstream:short)%00%(objectname)%00%(upstream:track)%00%(upstream:remotename)%00%(upstream:remoteref) refs/heads/main refs/remotes/main [12ms]
2025-04-03 23:32:55.373 [info] > git status -z -uall [24ms]
2025-04-03 23:32:55.380 [info] > git for-each-ref --sort -committerdate --format %(refname) %(objectname) %(*objectname) [9ms]
2025-04-03 23:33:12.000 [info] > git config --get commit.template [5ms]
2025-04-03 23:33:12.022 [info] > git for-each-ref --format=%(refname)%00%(upstream:short)%00%(objectname)%00%(upstream:track)%00%(upstream:remotename)%00%(upstream:remoteref) refs/heads/main refs/remotes/main [5ms]
2025-04-03 23:33:12.082 [info] > git status -z -uall [38ms]
2025-04-03 23:33:12.084 [info] > git for-each-ref --sort -committerdate --format %(refname) %(objectname) %(*objectname) [8ms]
2025-04-03 23:33:55.098 [info] > git config --get commit.template [13ms]
2025-04-03 23:33:55.132 [info] > git for-each-ref --format=%(refname)%00%(upstream:short)%00%(objectname)%00%(upstream:track)%00%(upstream:remotename)%00%(upstream:remoteref) refs/heads/main refs/remotes/main [5ms]
2025-04-03 23:33:55.183 [info] > git status -z -uall [31ms]
2025-04-03 23:33:55.192 [info] > git for-each-ref --sort -committerdate --format %(refname) %(objectname) %(*objectname) [10ms]
2025-04-03 23:36:32.806 [info] > git config --get commit.template [7ms]
2025-04-03 23:36:32.841 [info] > git for-each-ref --format=%(refname)%00%(upstream:short)%00%(objectname)%00%(upstream:track)%00%(upstream:remotename)%00%(upstream:remoteref) refs/heads/main refs/remotes/main [6ms]
2025-04-03 23:36:32.919 [info] > git status -z -uall [24ms]
2025-04-03 23:36:32.922 [info] > git for-each-ref --sort -committerdate --format %(refname) %(objectname) %(*objectname) [7ms]
2025-04-03 23:37:12.165 [info] > git config --get commit.template [6ms]
2025-04-03 23:37:12.192 [info] > git for-each-ref --format=%(refname)%00%(upstream:short)%00%(objectname)%00%(upstream:track)%00%(upstream:remotename)%00%(upstream:remoteref) refs/heads/main refs/remotes/main [8ms]
2025-04-03 23:37:12.232 [info] > git status -z -uall [21ms]
2025-04-03 23:37:12.236 [info] > git for-each-ref --sort -committerdate --format %(refname) %(objectname) %(*objectname) [10ms]
2025-04-03 23:37:26.325 [info] > git config --get commit.template [5ms]
2025-04-03 23:37:26.353 [info] > git for-each-ref --format=%(refname)%00%(upstream:short)%00%(objectname)%00%(upstream:track)%00%(upstream:remotename)%00%(upstream:remoteref) refs/heads/main refs/remotes/main [8ms]
2025-04-03 23:37:26.389 [info] > git status -z -uall [20ms]
2025-04-03 23:37:26.395 [info] > git for-each-ref --sort -committerdate --format %(refname) %(objectname) %(*objectname) [8ms]
2025-04-03 23:37:39.708 [info] > git config --get commit.template [8ms]
2025-04-03 23:37:39.709 [info] > git for-each-ref --format=%(refname)%00%(upstream:short)%00%(objectname)%00%(upstream:track)%00%(upstream:remotename)%00%(upstream:remoteref) refs/heads/main refs/remotes/main [2ms]
2025-04-03 23:37:39.726 [info] > git status -z -uall [9ms]
2025-04-03 23:37:39.727 [info] > git for-each-ref --sort -committerdate --format %(refname) %(objectname) %(*objectname) [3ms]
2025-04-03 23:38:02.921 [info] > git config --get commit.template [9ms]
2025-04-03 23:38:02.922 [info] > git for-each-ref --format=%(refname)%00%(upstream:short)%00%(objectname)%00%(upstream:track)%00%(upstream:remotename)%00%(upstream:remoteref) refs/heads/main refs/remotes/main [2ms]
2025-04-03 23:38:02.938 [info] > git status -z -uall [9ms]
2025-04-03 23:38:02.939 [info] > git for-each-ref --sort -committerdate --format %(refname) %(objectname) %(*objectname) [2ms]
2025-04-03 23:38:07.961 [info] > git config --get commit.template [8ms]
2025-04-03 23:38:07.962 [info] > git for-each-ref --format=%(refname)%00%(upstream:short)%00%(objectname)%00%(upstream:track)%00%(upstream:remotename)%00%(upstream:remoteref) refs/heads/main refs/remotes/main [2ms]
2025-04-03 23:38:07.982 [info] > git status -z -uall [9ms]
2025-04-03 23:38:07.984 [info] > git for-each-ref --sort -committerdate --format %(refname) %(objectname) %(*objectname) [3ms]
2025-04-03 23:38:13.392 [info] > git config --get commit.template [15ms]
2025-04-03 23:38:13.397 [info] > git for-each-ref --format=%(refname)%00%(upstream:short)%00%(objectname)%00%(upstream:track)%00%(upstream:remotename)%00%(upstream:remoteref) refs/heads/main refs/remotes/main [6ms]
2025-04-03 23:38:13.414 [info] > git status -z -uall [8ms]
2025-04-03 23:38:13.416 [info] > git for-each-ref --sort -committerdate --format %(refname) %(objectname) %(*objectname) [3ms]
2025-04-03 23:38:27.695 [info] > git config --get commit.template [23ms]
2025-04-03 23:38:27.701 [info] > git for-each-ref --format=%(refname)%00%(upstream:short)%00%(objectname)%00%(upstream:track)%00%(upstream:remotename)%00%(upstream:remoteref) refs/heads/main refs/remotes/main [10ms]
2025-04-03 23:38:27.730 [info] > git status -z -uall [15ms]
2025-04-03 23:38:27.732 [info] > git for-each-ref --sort -committerdate --format %(refname) %(objectname) %(*objectname) [3ms]
