2025-04-04 22:24:11.612 [info] [main] Log level: Info
2025-04-04 22:24:11.612 [info] [main] Validating found git in: "git"
2025-04-04 22:24:11.613 [info] [main] Using git "2.49.0" from "git"
2025-04-04 22:24:11.613 [info] [Model][doInitialScan] Initial repository scan started
2025-04-04 22:24:11.613 [info] [Model][doInitialScan] Initial repository scan completed - repositories (0), closed repositories (0), parent repositories (0), unsafe repositories (0)
2025-04-04 22:24:22.042 [info] > git rev-parse --show-toplevel [3ms]
2025-04-04 22:24:22.042 [info] fatal: not a git repository (or any parent up to mount point /)
Stopping at filesystem boundary (GIT_DISCOVERY_ACROSS_FILESYSTEM not set).
2025-04-04 22:24:36.384 [info] > git rev-parse --show-toplevel [2ms]
2025-04-04 22:24:36.384 [info] fatal: not a git repository (or any parent up to mount point /)
Stopping at filesystem boundary (GIT_DISCOVERY_ACROSS_FILESYSTEM not set).
2025-04-04 22:24:53.186 [info] > git rev-parse --show-toplevel [10ms]
2025-04-04 22:24:53.187 [info] fatal: not a git repository (or any parent up to mount point /)
Stopping at filesystem boundary (GIT_DISCOVERY_ACROSS_FILESYSTEM not set).
2025-04-04 22:25:40.862 [info] > git rev-parse --show-toplevel [2ms]
2025-04-04 22:25:40.862 [info] fatal: not a git repository (or any parent up to mount point /)
Stopping at filesystem boundary (GIT_DISCOVERY_ACROSS_FILESYSTEM not set).
2025-04-04 22:25:45.698 [info] > git rev-parse --show-toplevel [2ms]
2025-04-04 22:25:45.698 [info] fatal: not a git repository (or any parent up to mount point /)
Stopping at filesystem boundary (GIT_DISCOVERY_ACROSS_FILESYSTEM not set).
2025-04-04 22:25:52.708 [info] > git rev-parse --show-toplevel [2ms]
2025-04-04 22:25:52.708 [info] fatal: not a git repository (or any parent up to mount point /)
Stopping at filesystem boundary (GIT_DISCOVERY_ACROSS_FILESYSTEM not set).
2025-04-04 22:26:00.448 [info] > git rev-parse --show-toplevel [2ms]
2025-04-04 22:26:00.448 [info] fatal: not a git repository (or any parent up to mount point /)
Stopping at filesystem boundary (GIT_DISCOVERY_ACROSS_FILESYSTEM not set).
2025-04-04 22:26:16.920 [info] > git rev-parse --show-toplevel [5ms]
2025-04-04 22:26:16.920 [info] fatal: not a git repository (or any parent up to mount point /)
Stopping at filesystem boundary (GIT_DISCOVERY_ACROSS_FILESYSTEM not set).
