2025-04-03 10:48:10.291 [info] [main] Log level: Info
2025-04-03 10:48:10.291 [info] [main] Validating found git in: "git"
2025-04-03 10:48:10.291 [info] [main] Using git "2.49.0" from "git"
2025-04-03 10:48:10.291 [info] [Model][doInitialScan] Initial repository scan started
2025-04-03 10:48:10.291 [info] > git rev-parse --show-toplevel [14ms]
2025-04-03 10:48:10.291 [info] > git rev-parse --git-dir --git-common-dir [6ms]
2025-04-03 10:48:10.291 [info] [Model][openRepository] Opened repository: /home/papa/Documents/GitHub/coding-projects
2025-04-03 10:48:10.291 [info] > git config --get commit.template [4ms]
2025-04-03 10:48:10.320 [info] > git for-each-ref --format=%(refname)%00%(upstream:short)%00%(objectname)%00%(upstream:track)%00%(upstream:remotename)%00%(upstream:remoteref) refs/heads/main refs/remotes/main [19ms]
2025-04-03 10:48:10.358 [info] > git rev-parse --show-toplevel [43ms]
2025-04-03 10:48:10.392 [info] > git rev-parse --show-toplevel [3ms]
2025-04-03 10:48:10.441 [info] > git status -z -uall [36ms]
2025-04-03 10:48:10.441 [info] > git rev-parse --show-toplevel [6ms]
2025-04-03 10:48:10.441 [info] > git for-each-ref --sort -committerdate --format %(refname) %(objectname) %(*objectname) [20ms]
2025-04-03 10:48:10.506 [info] > git for-each-ref --format=%(refname)%00%(upstream:short)%00%(objectname)%00%(upstream:track)%00%(upstream:remotename)%00%(upstream:remoteref) refs/heads/main refs/remotes/main [18ms]
2025-04-03 10:48:10.515 [info] > git config --get --local branch.main.vscode-merge-base [3ms]
2025-04-03 10:48:10.522 [info] > git config --get commit.template [17ms]
2025-04-03 10:48:10.522 [info] > git rev-parse --show-toplevel [24ms]
2025-04-03 10:48:10.529 [info] > git for-each-ref --format=%(refname)%00%(upstream:short)%00%(objectname)%00%(upstream:track)%00%(upstream:remotename)%00%(upstream:remoteref) refs/heads/origin/main refs/remotes/origin/main [8ms]
2025-04-03 10:48:10.580 [info] > git merge-base refs/heads/main refs/remotes/origin/main [42ms]
2025-04-03 10:48:10.586 [info] > git rev-parse --show-toplevel [58ms]
2025-04-03 10:48:10.600 [info] > git diff --name-status -z --diff-filter=ADMR 1428415ad3dcb7d9b54e2188243ca03615b5ad6f...refs/remotes/origin/main [14ms]
2025-04-03 10:48:10.601 [info] > git for-each-ref --format=%(refname)%00%(upstream:short)%00%(objectname)%00%(upstream:track)%00%(upstream:remotename)%00%(upstream:remoteref) refs/heads/main refs/remotes/main [22ms]
2025-04-03 10:48:10.602 [info] > git rev-parse --show-toplevel [6ms]
2025-04-03 10:48:10.625 [info] > git status -z -uall [9ms]
2025-04-03 10:48:10.625 [info] > git rev-parse --show-toplevel [16ms]
2025-04-03 10:48:10.634 [info] > git for-each-ref --sort -committerdate --format %(refname) %(objectname) %(*objectname) [12ms]
2025-04-03 10:48:10.643 [info] > git rev-parse --show-toplevel [9ms]
2025-04-03 10:48:10.653 [info] > git rev-parse --show-toplevel [2ms]
2025-04-03 10:48:10.660 [info] > git rev-parse --show-toplevel [1ms]
2025-04-03 10:48:10.661 [info] [Model][doInitialScan] Initial repository scan completed - repositories (1), closed repositories (0), parent repositories (0), unsafe repositories (0)
2025-04-03 10:48:10.869 [info] > git check-ignore -v -z --stdin [2ms]
2025-04-03 11:02:38.082 [info] > git rev-parse --show-toplevel [4ms]
2025-04-03 11:02:38.082 [info] fatal: not a git repository (or any parent up to mount point /)
Stopping at filesystem boundary (GIT_DISCOVERY_ACROSS_FILESYSTEM not set).
2025-04-03 12:38:56.028 [info] > git rev-parse --show-toplevel [5ms]
2025-04-03 12:38:56.028 [info] fatal: not a git repository (or any parent up to mount point /)
Stopping at filesystem boundary (GIT_DISCOVERY_ACROSS_FILESYSTEM not set).
